<?xml version="1.0" encoding="UTF-8"?>
<!-- Generated by org.testng.reporters.JUnitXMLReporter -->
<testsuite ignored="0" hostname="IN-GVHCX64" failures="1" tests="3" name="API Tests" time="3.15" errors="0" timestamp="2025-08-15T22:17:24 IST">
  <testcase classname="com.api.tests.AccountCreationTest" name="accountCreationTest" time="2.824">
    <failure type="java.lang.AssertionError" message="Status code is not matching expected [200] but found [400]">
      <![CDATA[java.lang.AssertionError: Status code is not matching expected [200] but found [400]
at com.api.tests.AccountCreationTest.accountCreationTest(AccountCreationTest.java:28)
at java.base/java.util.concurrent.Executors$RunnableAdapter.call(Executors.java:572)
at java.base/java.util.concurrent.FutureTask.run(FutureTask.java:317)
at java.base/java.util.concurrent.ThreadPoolExecutor.runWorker(ThreadPoolExecutor.java:1144)
at java.base/java.util.concurrent.ThreadPoolExecutor$Worker.run(ThreadPoolExecutor.java:642)
at java.base/java.lang.Thread.run(Thread.java:1575)
... Removed 17 stack frames]]>
    </failure>
  </testcase> <!-- accountCreationTest -->
  <testcase classname="com.api.tests.LoginAPITest3" name="loginTest" time="2.922"/>
  <testcase classname="com.api.tests.GetProfileTest" name="getProfileTest" time="3.062"/>
</testsuite> <!-- API Tests -->
