<?xml version="1.0" encoding="UTF-8"?>
<testng-results ignored="0" total="1" passed="1" failed="0" skipped="0">
  <reporter-output>
  </reporter-output>
  <suite started-at="2025-09-03T21:44:37 IST" name="Default suite" finished-at="2025-09-03T21:44:40 IST" duration-ms="2961">
    <groups>
    </groups>
    <test started-at="2025-09-03T21:44:37 IST" name="Default test" finished-at="2025-09-03T21:44:40 IST" duration-ms="2961">
      <class name="com.api.tests.ForgotPasswordTest">
        <test-method signature="forgotPasswordTest()[pri:0, instance:com.api.tests.ForgotPasswordTest@397fbdb]" started-at="2025-09-03T21:44:37 IST" name="forgotPasswordTest" description="Forgot password test .." finished-at="2025-09-03T21:44:40 IST" duration-ms="2892" status="PASS">
          <reporter-output>
          </reporter-output>
        </test-method> <!-- forgotPasswordTest -->
      </class> <!-- com.api.tests.ForgotPasswordTest -->
    </test> <!-- Default test -->
  </suite> <!-- Default suite -->
</testng-results>
